2022-11-27 12:16:02.946 [INFO] starting
2022-11-27 12:16:02.948 [DEBUG] listener opening at 8080
2022-11-27 12:16:02.949 [DEBUG] listener opening at 8080
2022-11-27 12:16:02.952 [INFO] ticker begin
2022-11-27 12:16:02.952 [INFO] OgarII 1.4.0
2022-11-27 12:16:02.953 [INFO] gamemode: FFA
2022-11-27 12:16:03.950 [DEBUG] command stream open
2022-11-27 12:16:04.669 [ACCESS] REQUEST FROM 127.0.0.1, Origin: https://agar.io
2022-11-27 12:16:04.669 [DEBUG] client verification passed
2022-11-27 12:16:04.669 [ACCESS] CONNECTION FROM 127.0.0.1
2022-11-27 12:16:04.673 [DEBUG] added a player with id 1
2022-11-27 12:16:04.673 [DEBUG] added a player with id 2
2022-11-27 12:16:04.703 [DEBUG] added a player with id 3
2022-11-27 12:16:04.704 [DEBUG] router [object Object] has been added to world 1
2022-11-27 12:16:04.704 [DEBUG] player 3 has been added to world 1
2022-11-27 12:16:04.704 [DEBUG] added a player with id 4
2022-11-27 12:16:04.704 [DEBUG] router [object Object] has been added to world 1
2022-11-27 12:16:04.704 [DEBUG] player 4 has been added to world 1
2022-11-27 12:16:04.704 [DEBUG] added a player with id 5
2022-11-27 12:16:04.704 [DEBUG] router [object Object] has been added to world 1
2022-11-27 12:16:04.704 [DEBUG] player 5 has been added to world 1
2022-11-27 12:16:04.704 [DEBUG] added a player with id 6
2022-11-27 12:16:04.704 [DEBUG] router [object Object] has been added to world 1
2022-11-27 12:16:04.704 [DEBUG] player 6 has been added to world 1
2022-11-27 12:16:04.704 [DEBUG] added a player with id 7
2022-11-27 12:16:04.704 [DEBUG] router [object Object] has been added to world 1
2022-11-27 12:16:04.704 [DEBUG] player 7 has been added to world 1
2022-11-27 12:16:04.704 [DEBUG] added a player with id 8
2022-11-27 12:16:04.704 [DEBUG] router [object Object] has been added to world 1
2022-11-27 12:16:04.704 [DEBUG] player 8 has been added to world 1
2022-11-27 12:16:04.704 [DEBUG] added a player with id 9
2022-11-27 12:16:04.704 [DEBUG] router [object Object] has been added to world 1
2022-11-27 12:16:04.704 [DEBUG] player 9 has been added to world 1
2022-11-27 12:16:04.704 [DEBUG] added a player with id 10
2022-11-27 12:16:04.704 [DEBUG] router [object Object] has been added to world 1
2022-11-27 12:16:04.704 [DEBUG] player 10 has been added to world 1
2022-11-27 12:16:04.704 [DEBUG] added a player with id 11
2022-11-27 12:16:04.704 [DEBUG] router [object Object] has been added to world 1
2022-11-27 12:16:04.704 [DEBUG] player 11 has been added to world 1
2022-11-27 12:16:04.704 [DEBUG] added a player with id 12
2022-11-27 12:16:04.704 [DEBUG] router [object Object] has been added to world 1
2022-11-27 12:16:04.704 [DEBUG] player 12 has been added to world 1
2022-11-27 12:16:04.704 [DEBUG] added a world with id 1
2022-11-27 12:16:04.704 [DEBUG] router [object Object] has been added to world 1
2022-11-27 12:16:04.704 [DEBUG] player 1 has been added to world 1
2022-11-27 12:16:04.704 [DEBUG] player 2 has been added to world 1
